{"/Users/kotsmile/main/vort/src/__tests__/routes/expected.ts": {"path":"/Users/kotsmile/main/vort/src/__tests__/routes/expected.ts","statementMap":{"0":{"start":{"line":1,"column":13},"end":{"line":34,"column":null}},"1":{"start":{"line":36,"column":13},"end":{"line":197,"column":null}}},"fnMap":{},"branchMap":{},"s":{"0":1,"1":1},"f":{},"b":{}}
,"/Users/kotsmile/main/vort/src/routes/consts.ts": {"path":"/Users/kotsmile/main/vort/src/routes/consts.ts","statementMap":{"0":{"start":{"line":1,"column":13},"end":{"line":10,"column":null}},"1":{"start":{"line":12,"column":13},"end":{"line":12,"column":null}}},"fnMap":{},"branchMap":{},"s":{"0":1,"1":1},"f":{},"b":{}}
,"/Users/kotsmile/main/vort/src/routes/index.ts": {"path":"/Users/kotsmile/main/vort/src/routes/index.ts","statementMap":{"0":{"start":{"line":1,"column":0},"end":{"line":1,"column":23}},"1":{"start":{"line":2,"column":0},"end":{"line":2,"column":27}},"2":{"start":{"line":6,"column":0},"end":{"line":6,"column":45}},"3":{"start":{"line":13,"column":0},"end":{"line":13,"column":24}},"4":{"start":{"line":14,"column":0},"end":{"line":14,"column":23}},"5":{"start":{"line":15,"column":0},"end":{"line":15,"column":23}},"6":{"start":{"line":18,"column":2},"end":{"line":18,"column":null}},"7":{"start":{"line":18,"column":26},"end":{"line":18,"column":null}},"8":{"start":{"line":20,"column":29},"end":{"line":20,"column":31}},"9":{"start":{"line":22,"column":19},"end":{"line":26,"column":3}},"10":{"start":{"line":22,"column":20},"end":{"line":22,"column":null}},"11":{"start":{"line":23,"column":18},"end":{"line":23,"column":57}},"12":{"start":{"line":24,"column":4},"end":{"line":24,"column":null}},"13":{"start":{"line":24,"column":23},"end":{"line":24,"column":null}},"14":{"start":{"line":25,"column":4},"end":{"line":25,"column":null}},"15":{"start":{"line":25,"column":45},"end":{"line":25,"column":73}},"16":{"start":{"line":27,"column":2},"end":{"line":27,"column":null}},"17":{"start":{"line":29,"column":2},"end":{"line":29,"column":null}},"18":{"start":{"line":17,"column":0},"end":{"line":17,"column":16}},"19":{"start":{"line":33,"column":15},"end":{"line":33,"column":36}},"20":{"start":{"line":34,"column":15},"end":{"line":34,"column":30}},"21":{"start":{"line":35,"column":17},"end":{"line":35,"column":28}},"22":{"start":{"line":37,"column":20},"end":{"line":37,"column":36}},"23":{"start":{"line":38,"column":17},"end":{"line":38,"column":33}},"24":{"start":{"line":40,"column":2},"end":{"line":41,"column":null}},"25":{"start":{"line":41,"column":4},"end":{"line":41,"column":null}},"26":{"start":{"line":43,"column":2},"end":{"line":43,"column":null}},"27":{"start":{"line":32,"column":0},"end":{"line":32,"column":16}},"28":{"start":{"line":47,"column":26},"end":{"line":47,"column":38}},"29":{"start":{"line":48,"column":29},"end":{"line":48,"column":47}},"30":{"start":{"line":50,"column":23},"end":{"line":50,"column":53}},"31":{"start":{"line":51,"column":20},"end":{"line":51,"column":47}},"32":{"start":{"line":53,"column":2},"end":{"line":53,"column":null}},"33":{"start":{"line":53,"column":20},"end":{"line":53,"column":null}},"34":{"start":{"line":54,"column":2},"end":{"line":54,"column":null}},"35":{"start":{"line":54,"column":17},"end":{"line":54,"column":null}},"36":{"start":{"line":55,"column":2},"end":{"line":55,"column":null}},"37":{"start":{"line":46,"column":0},"end":{"line":46,"column":16}},"38":{"start":{"line":59,"column":2},"end":{"line":65,"column":null}},"39":{"start":{"line":61,"column":6},"end":{"line":61,"column":null}},"40":{"start":{"line":61,"column":34},"end":{"line":61,"column":null}},"41":{"start":{"line":62,"column":6},"end":{"line":62,"column":null}},"42":{"start":{"line":62,"column":34},"end":{"line":62,"column":null}},"43":{"start":{"line":63,"column":6},"end":{"line":63,"column":null}},"44":{"start":{"line":58,"column":0},"end":{"line":58,"column":16}},"45":{"start":{"line":69,"column":30},"end":{"line":69,"column":32}},"46":{"start":{"line":70,"column":2},"end":{"line":99,"column":null}},"47":{"start":{"line":70,"column":21},"end":{"line":70,"column":26}},"48":{"start":{"line":70,"column":17},"end":{"line":70,"column":21}},"49":{"start":{"line":71,"column":25},"end":{"line":72,"column":30}},"50":{"start":{"line":74,"column":31},"end":{"line":74,"column":49}},"51":{"start":{"line":74,"column":21},"end":{"line":74,"column":23}},"52":{"start":{"line":74,"column":27},"end":{"line":74,"column":31}},"53":{"start":{"line":76,"column":17},"end":{"line":76,"column":22}},"54":{"start":{"line":77,"column":4},"end":{"line":77,"column":null}},"55":{"start":{"line":78,"column":34},"end":{"line":78,"column":36}},"56":{"start":{"line":79,"column":4},"end":{"line":86,"column":null}},"57":{"start":{"line":79,"column":23},"end":{"line":79,"column":27}},"58":{"start":{"line":79,"column":19},"end":{"line":79,"column":23}},"59":{"start":{"line":80,"column":31},"end":{"line":80,"column":53}},"60":{"start":{"line":80,"column":17},"end":{"line":80,"column":19}},"61":{"start":{"line":80,"column":27},"end":{"line":80,"column":31}},"62":{"start":{"line":81,"column":6},"end":{"line":84,"column":null}},"63":{"start":{"line":85,"column":6},"end":{"line":85,"column":null}},"64":{"start":{"line":85,"column":32},"end":{"line":85,"column":null}},"65":{"start":{"line":87,"column":4},"end":{"line":87,"column":24}},"66":{"start":{"line":87,"column":16},"end":{"line":87,"column":24}},"67":{"start":{"line":89,"column":23},"end":{"line":89,"column":56}},"68":{"start":{"line":90,"column":4},"end":{"line":91,"column":null}},"69":{"start":{"line":91,"column":6},"end":{"line":91,"column":null}},"70":{"start":{"line":92,"column":4},"end":{"line":92,"column":null}},"71":{"start":{"line":93,"column":4},"end":{"line":98,"column":null}},"72":{"start":{"line":100,"column":2},"end":{"line":100,"column":null}},"73":{"start":{"line":104,"column":16},"end":{"line":104,"column":42}},"74":{"start":{"line":105,"column":19},"end":{"line":105,"column":47}},"75":{"start":{"line":106,"column":2},"end":{"line":112,"column":null}},"76":{"start":{"line":106,"column":24},"end":{"line":106,"column":32}},"77":{"start":{"line":106,"column":20},"end":{"line":106,"column":24}},"78":{"start":{"line":107,"column":4},"end":{"line":110,"column":null}},"79":{"start":{"line":109,"column":53},"end":{"line":109,"column":71}},"80":{"start":{"line":113,"column":2},"end":{"line":113,"column":null}},"81":{"start":{"line":103,"column":0},"end":{"line":103,"column":16}}},"fnMap":{"0":{"name":"_buildPaths","decl":{"start":{"line":17,"column":16},"end":{"line":17,"column":27}},"loc":{"start":{"line":17,"column":46},"end":{"line":30,"column":1}}},"1":{"name":"(anonymous_7)","decl":{"start":{"line":22,"column":19},"end":{"line":22,"column":20}},"loc":{"start":{"line":22,"column":45},"end":{"line":26,"column":3}}},"2":{"name":"(anonymous_8)","decl":{"start":{"line":25,"column":38},"end":{"line":25,"column":39}},"loc":{"start":{"line":25,"column":40},"end":{"line":25,"column":53}}},"3":{"name":"_parseMethod","decl":{"start":{"line":32,"column":16},"end":{"line":32,"column":28}},"loc":{"start":{"line":32,"column":44},"end":{"line":44,"column":1}}},"4":{"name":"_parsePathParams","decl":{"start":{"line":46,"column":16},"end":{"line":46,"column":32}},"loc":{"start":{"line":46,"column":45},"end":{"line":56,"column":1}}},"5":{"name":"_convertToExpressRoute","decl":{"start":{"line":58,"column":16},"end":{"line":58,"column":38}},"loc":{"start":{"line":58,"column":55},"end":{"line":66,"column":1}}},"6":{"name":"(anonymous_12)","decl":{"start":{"line":60,"column":9},"end":{"line":60,"column":10}},"loc":{"start":{"line":60,"column":11},"end":{"line":64,"column":5}}},"7":{"name":"buildHandlers","decl":{"start":{"line":68,"column":9},"end":{"line":68,"column":22}},"loc":{"start":{"line":68,"column":61},"end":{"line":101,"column":1}}},"8":{"name":"buildRoutes","decl":{"start":{"line":103,"column":16},"end":{"line":103,"column":27}},"loc":{"start":{"line":103,"column":60},"end":{"line":114,"column":1}}},"9":{"name":"(anonymous_15)","decl":{"start":{"line":109,"column":46},"end":{"line":109,"column":47}},"loc":{"start":{"line":109,"column":48},"end":{"line":109,"column":54}}}},"branchMap":{"0":{"loc":{"start":{"line":18,"column":2},"end":{"line":18,"column":null}},"type":"if","locations":[{"start":{"line":18,"column":2},"end":{"line":18,"column":null}}]},"1":{"loc":{"start":{"line":22,"column":20},"end":{"line":22,"column":null}},"type":"if","locations":[{"start":{"line":22,"column":20},"end":{"line":22,"column":null}}]},"2":{"loc":{"start":{"line":24,"column":4},"end":{"line":24,"column":null}},"type":"if","locations":[{"start":{"line":24,"column":4},"end":{"line":24,"column":null}}]},"3":{"loc":{"start":{"line":40,"column":2},"end":{"line":41,"column":null}},"type":"if","locations":[{"start":{"line":40,"column":2},"end":{"line":41,"column":null}}]},"4":{"loc":{"start":{"line":53,"column":2},"end":{"line":53,"column":null}},"type":"if","locations":[{"start":{"line":53,"column":2},"end":{"line":53,"column":null}}]},"5":{"loc":{"start":{"line":54,"column":2},"end":{"line":54,"column":null}},"type":"if","locations":[{"start":{"line":54,"column":2},"end":{"line":54,"column":null}}]},"6":{"loc":{"start":{"line":61,"column":6},"end":{"line":61,"column":null}},"type":"if","locations":[{"start":{"line":61,"column":6},"end":{"line":61,"column":null}}]},"7":{"loc":{"start":{"line":62,"column":6},"end":{"line":62,"column":null}},"type":"if","locations":[{"start":{"line":62,"column":6},"end":{"line":62,"column":null}}]},"8":{"loc":{"start":{"line":85,"column":6},"end":{"line":85,"column":null}},"type":"if","locations":[{"start":{"line":85,"column":6},"end":{"line":85,"column":null}}]},"9":{"loc":{"start":{"line":87,"column":4},"end":{"line":87,"column":24}},"type":"if","locations":[{"start":{"line":87,"column":4},"end":{"line":87,"column":24}}]},"10":{"loc":{"start":{"line":90,"column":4},"end":{"line":91,"column":null}},"type":"if","locations":[{"start":{"line":90,"column":4},"end":{"line":91,"column":null}}]}},"s":{"0":1,"1":1,"2":1,"3":1,"4":1,"5":1,"6":1,"7":0,"8":1,"9":1,"10":42,"11":41,"12":41,"13":32,"14":9,"15":40,"16":1,"17":1,"18":1,"19":32,"20":32,"21":32,"22":32,"23":32,"24":32,"25":0,"26":32,"27":1,"28":84,"29":84,"30":84,"31":84,"32":84,"33":0,"34":84,"35":26,"36":58,"37":1,"38":32,"39":84,"40":0,"41":84,"42":26,"43":58,"44":1,"45":0,"46":0,"47":0,"48":0,"49":0,"50":0,"51":0,"52":0,"53":0,"54":0,"55":0,"56":0,"57":0,"58":0,"59":0,"60":0,"61":0,"62":0,"63":0,"64":0,"65":0,"66":0,"67":0,"68":0,"69":0,"70":0,"71":0,"72":0,"73":0,"74":0,"75":0,"76":0,"77":0,"78":0,"79":0,"80":0,"81":1},"f":{"0":1,"1":41,"2":40,"3":32,"4":84,"5":32,"6":84,"7":0,"8":0,"9":0},"b":{"0":[0],"1":[1],"2":[32],"3":[0],"4":[0],"5":[26],"6":[0],"7":[26],"8":[0],"9":[0],"10":[0]}}
,"/Users/kotsmile/main/vort/src/routes/utils.ts": {"path":"/Users/kotsmile/main/vort/src/routes/utils.ts","statementMap":{"0":{"start":{"line":1,"column":0},"end":{"line":1,"column":23}},"1":{"start":{"line":2,"column":0},"end":{"line":2,"column":55}},"2":{"start":{"line":5,"column":2},"end":{"line":5,"column":null}},"3":{"start":{"line":4,"column":0},"end":{"line":4,"column":16}},"4":{"start":{"line":9,"column":2},"end":{"line":9,"column":null}},"5":{"start":{"line":8,"column":0},"end":{"line":8,"column":16}}},"fnMap":{"0":{"name":"isdir","decl":{"start":{"line":4,"column":16},"end":{"line":4,"column":21}},"loc":{"start":{"line":4,"column":34},"end":{"line":6,"column":1}}},"1":{"name":"isHTTPMethod","decl":{"start":{"line":8,"column":16},"end":{"line":8,"column":28}},"loc":{"start":{"line":8,"column":41},"end":{"line":10,"column":1}}}},"branchMap":{},"s":{"0":1,"1":1,"2":42,"3":1,"4":32,"5":1},"f":{"0":42,"1":32},"b":{}}
}
