TN:
SF:src/__tests__/routes/expected.ts
FNF:0
FNH:0
DA:1,1
DA:36,1
LF:2
LH:2
BRF:0
BRH:0
end_of_record
TN:
SF:src/routes/consts.ts
FNF:0
FNH:0
DA:1,1
DA:12,1
LF:2
LH:2
BRF:0
BRH:0
end_of_record
TN:
SF:src/routes/index.ts
FN:17,_buildPaths
FN:22,(anonymous_7)
FN:25,(anonymous_8)
FN:32,_parseMethod
FN:46,_parsePathParams
FN:58,_convertToExpressRoute
FN:60,(anonymous_12)
FN:68,buildHandlers
FN:103,buildRoutes
FN:109,(anonymous_15)
FNF:10
FNH:7
FNDA:1,_buildPaths
FNDA:41,(anonymous_7)
FNDA:40,(anonymous_8)
FNDA:32,_parseMethod
FNDA:84,_parsePathParams
FNDA:32,_convertToExpressRoute
FNDA:84,(anonymous_12)
FNDA:0,buildHandlers
FNDA:0,buildRoutes
FNDA:0,(anonymous_15)
DA:1,1
DA:2,1
DA:6,1
DA:13,1
DA:14,1
DA:15,1
DA:17,1
DA:18,1
DA:20,1
DA:22,42
DA:23,41
DA:24,41
DA:25,40
DA:27,1
DA:29,1
DA:32,1
DA:33,32
DA:34,32
DA:35,32
DA:37,32
DA:38,32
DA:40,32
DA:41,0
DA:43,32
DA:46,1
DA:47,84
DA:48,84
DA:50,84
DA:51,84
DA:53,84
DA:54,84
DA:55,58
DA:58,1
DA:59,32
DA:61,84
DA:62,84
DA:63,58
DA:69,0
DA:70,0
DA:71,0
DA:74,0
DA:76,0
DA:77,0
DA:78,0
DA:79,0
DA:80,0
DA:81,0
DA:85,0
DA:87,0
DA:89,0
DA:90,0
DA:91,0
DA:92,0
DA:93,0
DA:100,0
DA:103,1
DA:104,0
DA:105,0
DA:106,0
DA:107,0
DA:109,0
DA:113,0
LF:62
LH:37
BRDA:18,0,0,0
BRDA:22,1,0,1
BRDA:24,2,0,32
BRDA:40,3,0,0
BRDA:53,4,0,0
BRDA:54,5,0,26
BRDA:61,6,0,0
BRDA:62,7,0,26
BRDA:85,8,0,0
BRDA:87,9,0,0
BRDA:90,10,0,0
BRF:11
BRH:4
end_of_record
TN:
SF:src/routes/utils.ts
FN:4,isdir
FN:8,isHTTPMethod
FNF:2
FNH:2
FNDA:42,isdir
FNDA:32,isHTTPMethod
DA:1,1
DA:2,1
DA:4,1
DA:5,42
DA:8,1
DA:9,32
LF:6
LH:6
BRF:0
BRH:0
end_of_record
